[    0.000000] Linux version 4.15.0-91-generic (buildd@lgw01-amd64-013) (gcc version 7.4.0 (Ubuntu 7.4.0-1ubuntu1~18.04.1)) #92-Ubuntu SMP Fri Feb 28 11:09:48 UTC 2020 (Ubuntu 4.15.0-91.92-generic 4.15.18)
[    0.000000] Command line: BOOT_IMAGE=/boot/vmlinuz-4.15.0-91-generic root=LABEL=cloudimg-rootfs ro console=tty1 console=ttyS0
[    0.000000] KERNEL supported cpus:
[    0.000000]   Intel GenuineIntel
[    0.000000]   AMD AuthenticAMD
[    0.000000]   Centaur CentaurHauls
[    0.000000] x86/fpu: Supporting XSAVE feature 0x001: 'x87 floating point registers'
[    0.000000] x86/fpu: Supporting XSAVE feature 0x002: 'SSE registers'
[    0.000000] x86/fpu: Supporting XSAVE feature 0x004: 'AVX registers'
[    0.000000] x86/fpu: xstate_offset[2]:  576, xstate_sizes[2]:  256
[    0.000000] x86/fpu: Enabled xstate features 0x7, context size is 832 bytes, using 'standard' format.
[    0.000000] e820: BIOS-provided physical RAM map:
[    0.000000] BIOS-e820: [mem 0x0000000000000000-0x000000000009fbff] usable
[    0.000000] BIOS-e820: [mem 0x000000000009fc00-0x000000000009ffff] reserved
[    0.000000] BIOS-e820: [mem 0x00000000000f0000-0x00000000000fffff] reserved
[    0.000000] BIOS-e820: [mem 0x0000000000100000-0x0000000082feffff] usable
[    0.000000] BIOS-e820: [mem 0x0000000082ff0000-0x0000000082ffffff] ACPI data
[    0.000000] BIOS-e820: [mem 0x00000000fec00000-0x00000000fec00fff] reserved
[    0.000000] BIOS-e820: [mem 0x00000000fee00000-0x00000000fee00fff] reserved
[    0.000000] BIOS-e820: [mem 0x00000000fffc0000-0x00000000ffffffff] reserved
[    0.000000] NX (Execute Disable) protection: active
[    0.000000] SMBIOS 2.5 present.
[    0.000000] DMI: innotek GmbH VirtualBox/VirtualBox, BIOS VirtualBox 12/01/2006
[    0.000000] Hypervisor detected: KVM
[    0.000000] e820: last_pfn = 0x82ff0 max_arch_pfn = 0x400000000
[    0.000000] MTRR: Disabled
[    0.000000] x86/PAT: MTRRs disabled, skipping PAT initialization too.
[    0.000000] CPU MTRRs all blank - virtualized system.
[    0.000000] x86/PAT: Configuration [0-7]: WB  WT  UC- UC  WB  WT  UC- UC  
[    0.000000] found SMP MP-table at [mem 0x0009fff0-0x0009ffff]
[    0.000000] Scanning 1 areas for low memory corruption
[    0.000000] RAMDISK: [mem 0x35a6b000-0x36d2cfff]
[    0.000000] ACPI: Early table checksum verification disabled
[    0.000000] ACPI: RSDP 0x00000000000E0000 000024 (v02 VBOX  )
[    0.000000] ACPI: XSDT 0x0000000082FF0030 00003C (v01 VBOX   VBOXXSDT 00000001 ASL  00000061)
[    0.000000] ACPI: FACP 0x0000000082FF00F0 0000F4 (v04 VBOX   VBOXFACP 00000001 ASL  00000061)
[    0.000000] ACPI: DSDT 0x0000000082FF0470 0021FF (v02 VBOX   VBOXBIOS 00000002 INTL 20180105)
[    0.000000] ACPI: FACS 0x0000000082FF0200 000040
[    0.000000] ACPI: FACS 0x0000000082FF0200 000040
[    0.000000] ACPI: APIC 0x0000000082FF0240 00005C (v02 VBOX   VBOXAPIC 00000001 ASL  00000061)
[    0.000000] ACPI: SSDT 0x0000000082FF02A0 0001CC (v01 VBOX   VBOXCPUT 00000002 INTL 20180105)
[    0.000000] No NUMA configuration found
[    0.000000] Faking a node at [mem 0x0000000000000000-0x0000000082feffff]
[    0.000000] NODE_DATA(0) allocated [mem 0x82fc5000-0x82feffff]
[    0.000000] kvm-clock: cpu 0, msr 0:82f44001, primary cpu clock
[    0.000000] kvm-clock: Using msrs 4b564d01 and 4b564d00
[    0.000000] kvm-clock: using sched offset of 3523337506 cycles
[    0.000000] clocksource: kvm-clock: mask: 0xffffffffffffffff max_cycles: 0x1cd42e4dffb, max_idle_ns: 881590591483 ns
[    0.000000] Zone ranges:
[    0.000000]   DMA      [mem 0x0000000000001000-0x0000000000ffffff]
[    0.000000]   DMA32    [mem 0x0000000001000000-0x0000000082feffff]
[    0.000000]   Normal   empty
[    0.000000]   Device   empty
[    0.000000] Movable zone start for each node
[    0.000000] Early memory node ranges
[    0.000000]   node   0: [mem 0x0000000000001000-0x000000000009efff]
[    0.000000]   node   0: [mem 0x0000000000100000-0x0000000082feffff]
[    0.000000] Reserved but unavailable: 98 pages
[    0.000000] Initmem setup node 0 [mem 0x0000000000001000-0x0000000082feffff]
[    0.000000] ACPI: PM-Timer IO Port: 0x4008
[    0.000000] IOAPIC[0]: apic_id 2, version 32, address 0xfec00000, GSI 0-23
[    0.000000] ACPI: INT_SRC_OVR (bus 0 bus_irq 0 global_irq 2 dfl dfl)
[    0.000000] ACPI: INT_SRC_OVR (bus 0 bus_irq 9 global_irq 9 low level)
[    0.000000] Using ACPI (MADT) for SMP configuration information
[    0.000000] smpboot: Allowing 2 CPUs, 0 hotplug CPUs
[    0.000000] PM: Registered nosave memory: [mem 0x00000000-0x00000fff]
[    0.000000] PM: Registered nosave memory: [mem 0x0009f000-0x0009ffff]
[    0.000000] PM: Registered nosave memory: [mem 0x000a0000-0x000effff]
[    0.000000] PM: Registered nosave memory: [mem 0x000f0000-0x000fffff]
[    0.000000] e820: [mem 0x83000000-0xfebfffff] available for PCI devices
[    0.000000] Booting paravirtualized kernel on KVM
[    0.000000] clocksource: refined-jiffies: mask: 0xffffffff max_cycles: 0xffffffff, max_idle_ns: 7645519600211568 ns
[    0.000000] random: get_random_bytes called from start_kernel+0x99/0x4fd with crng_init=0
[    0.000000] setup_percpu: NR_CPUS:8192 nr_cpumask_bits:2 nr_cpu_ids:2 nr_node_ids:1
[    0.000000] percpu: Embedded 45 pages/cpu s147456 r8192 d28672 u1048576
[    0.000000] PV qspinlock hash table entries: 256 (order: 0, 4096 bytes)
[    0.000000] Built 1 zonelists, mobility grouping on.  Total pages: 528057
[    0.000000] Policy zone: DMA32
[    0.000000] Kernel command line: BOOT_IMAGE=/boot/vmlinuz-4.15.0-91-generic root=LABEL=cloudimg-rootfs ro console=tty1 console=ttyS0
[    0.000000] Memory: 2062356K/2145848K available (12300K kernel code, 2481K rwdata, 4264K rodata, 2432K init, 2712K bss, 83492K reserved, 0K cma-reserved)
[    0.000000] SLUB: HWalign=64, Order=0-3, MinObjects=0, CPUs=2, Nodes=1
[    0.000000] Kernel/User page tables isolation: enabled
[    0.000000] ftrace: allocating 39347 entries in 154 pages
[    0.004000] Hierarchical RCU implementation.
[    0.004000] 	RCU restricting CPUs from NR_CPUS=8192 to nr_cpu_ids=2.
[    0.004000] 	Tasks RCU enabled.
[    0.004000] RCU: Adjusting geometry for rcu_fanout_leaf=16, nr_cpu_ids=2
[    0.004000] NR_IRQS: 524544, nr_irqs: 440, preallocated irqs: 16
[    0.004000] Console: colour VGA+ 80x25
[    0.004000] console [tty1] enabled
[    0.004000] console [ttyS0] enabled
[    0.004000] ACPI: Core revision 20170831
[    0.004000] ACPI: 2 ACPI AML tables successfully acquired and loaded
[    0.004000] APIC: Switch to symmetric I/O mode setup
[    0.004000] x2apic enabled
[    0.004000] Swched APIC routing to physical x2apic.
[    0.005191] ..TIMER: vector=0x30 apic1=0 pin1=2 apic2=-1 pin2=-1
[    0.008003] tsc: Detected 1608.014 MHz processor
[    0.008721] Calibrating delay loop (skipped) preset value.. 3216.02 BogoMIPS (lpj=6432056)
[    0.012009] pid_max: default: 32768 minimum: 301
[    0.012761] Security Framework initialized
[    0.013372] Yama: becoming mindful.
[    0.013925] AppArmor: AppArmor initialized
[    0.016093] Dentry cache hash table entries: 524288 (order: 10, 4194304 bytes)
[    0.017984] Inode-cache hash table entries: 262144 (order: 9, 2097152 bytes)
[    0.019015] Mount-cache hash table entries: 8192 (order: 4, 65536 bytes)
[    0.019982] Mountpoint-cache hash table entries: 8192 (order: 4, 65536 bytes)
[    0.020346] Last level iTLB entries: 4KB 64, 2MB 8, 4MB 8
[    0.021185] Last level dTLB entries: 4KB 64, 2MB 0, 4MB 0, 1GB 4
[    0.022064] Spectre V1 : Mitigation: usercopy/swapgs barriers and __user pointer sanitization
[    0.024004] Spectre V2 : Mitigation: Full generic retpoline
[    0.024871] Spectre V2 : Spectre v2 / SpectreRSB mitigation: Filling RSB on context switch
[    0.028004] Speculative Store Bypass: Vulnerable
[    0.028760] MDS: Mitigation: Clear CPU buffers
[    0.032008] Freeing SMP alternatives memory: 36K
[    0.143715] smpboot: CPU0: Intel(R) Core(TM) i7-10710U CPU @ 1.10GHz (family: 0x6, model: 0xa6, stepping: 0x0)
[    0.144094] Performance Events: unsupported p6 CPU model 166 no PMU driver, software events only.
[    0.148041] Hierarchical SRCU implementation.
[    0.149322] NMI watchdog: Perf event create on CPU 0 failed with -2
[    0.150163] NMI watchdog: Perf NMI watchdog permanently disabled
[    0.152050] smp: Bringing up secondary CPUs ...
[    0.156855] x86: Booting SMP configuration:
[    0.157457] .... node  #0, CPUs:      #1
[    0.004000] kvm-clock: cpu 1, msr 0:82f44041, secondary cpu clock
[    0.188024] smp: Brought up 1 node, 2 CPUs
[    0.188591] smpboot: Max logical packages: 1
[    0.189199] smpboot: Total of 2 processors activated (6432.05 BogoMIPS)
[    0.190242] devtmpfs: initialized
[    0.190242] x86/mm: Memory block size: 128MB
[    0.192225] evm: security.selinux
[    0.192775] evm: security.SMACK64
[    0.193285] evm: security.SMACK64EXEC
[    0.193831] evm: security.SMACK64TRANSMUTE
[    0.196004] evm: security.SMACK64MMAP
[    0.200004] evm: security.apparmor
[    0.204003] evm: security.ima
[    0.208003] evm: security.capability
[    0.208589] clocksource: jiffies: mask: 0xffffffff max_cycles: 0xffffffff, max_idle_ns: 7645041785100000 ns
[    0.209342] futex hash table entries: 512 (order: 3, 32768 bytes)
[    0.212056] pinctrl core: initialized pinctrl subsystem
[    0.212929] RTC time: 20:35:20, date: 04/22/20
[    0.213750] NET: Registered protocol family 16
[    0.214476] audit: initializing netlink subsys (disabled)
[    0.216021] audit: type=2000 audit(1587587725.321:1): state=initialized audit_enabled=0 res=1
[    0.216126] cpuidle: using governor ladder
[    0.216637] cpuidle: using governor menu
[    0.217272] ACPI: bus type PCI registered
[    0.217891] acpiphp: ACPI Hot Plug PCI Controller Driver version: 0.5
[    0.220095] PCI: Using configuration type 1 for base access
[    0.225152] HugeTLB registered 2.00 MiB page size, pre-allocated 0 pages
[    0.228104] ACPI: Added _OSI(Module Device)
[    0.229835] ACPI: Added _OSI(Processor Device)
[    0.232004] ACPI: Added _OSI(3.0 _SCP Extensions)
[    0.232786] ACPI: Added _OSI(Processor Aggregator Device)
[    0.233658] ACPI: Added _OSI(Linux-Dell-Video)
[    0.234388] ACPI: Added _OSI(Linux-Lenovo-NV-HDMI-Audio)
[    0.236007] ACPI: Added _OSI(Linux-HPI-Hybrid-Graphics)
[    0.237152] ACPI: Executed 1 blocks of module-level executable AML code
[    0.242070] ACPI: Interpreter enabled
[    0.242714] ACPI: (supports S0 S5)
[    0.243295] ACPI: Using IOAPIC for interrupt routing
[    0.244272] PCI: Using host bridge windows from ACPI; if necessary, use "pci=nocrs" and report a bug
[    0.245917] ACPI: Enabled 2 GPEs in block 00 to 07
[    0.253198] ACPI: PCI Root Bridge [PCI0] (domain 0000 [bus 00-ff])
[    0.254388] acpi PNP0A03:00: _OSC: OS supports [ASPM ClockPM Segments MSI]
[    0.255698] acpi PNP0A03:00: _OSC: not requesting OS control; OS requires [ExtendedConfig ASPM ClockPM MSI]
[    0.256016] acpi PNP0A03:00: fail to add MMCONFIG information, can't access extended PCI configuration space under this bridge.
[    0.260370] PCI host bridge to bus 0000:00
[    0.261106] pci_bus 0000:00: root bus resource [io  0x0000-0x0cf7 window]
[    0.262167] pci_bus 0000:00: root bus resource [io  0x0d00-0xffff window]
[    0.264008] pci_bus 0000:00: root bus resource [mem 0x000a0000-0x000bffff window]
[    0.268010] pci_bus 0000:00: root bus resource [mem 0x83000000-0xfdffffff window]
[    0.272008] pci_bus 0000:00: root bus resource [bus 00-ff]
[    0.274827] pci 0000:00:01.1: legacy IDE quirk: reg 0x10: [io  0x01f0-0x01f7]
[    0.276005] pci 0000:00:01.1: legacy IDE quirk: reg 0x14: [io  0x03f6]
[    0.277091] pci 0000:00:01.1: legacy IDE quirk: reg 0x18: [io  0x0170-0x0177]
[    0.278223] pci 0000:00:01.1: legacy IDE quirk: reg 0x1c: [io  0x0376]
[    0.301008] pci 0000:00:07.0: quirk: [io  0x4000-0x403f] claimed by PIIX4 ACPI
[    0.302282] pci 0000:00:07.0: quirk: [io  0x4100-0x410f] claimed by PIIX4 SMB
[    0.316045] ACPI: PCI Interrupt Link [LNKA] (IRQs 5 9 10 *11)
[    0.320348] ACPI: PCI Interrupt Link [LNKB] (IRQs 5 9 *10 11)
[    0.324129] ACPI: PCI Interrupt Link [LNKC] (IRQs 5 *9 10 11)
[    0.325152] ACPI: PCI Interrupt Link [LNKD] (IRQs 5 9 10 *11)
[    0.326508] SCSI subsystem initialized
[    0.328056] pci 0000:00:02.0: vgaarb: setting as boot VGA device
[    0.332000] pci 0000:00:02.0: vgaarb: VGA device added: decodes=io+mem,owns=io+mem,locks=none
[    0.332009] pci 0000:00:02.0: vgaarb: bridge control possible
[    0.332793] vgaarb: loaded
[    0.333271] ACPI: bus type USB registered
[    0.333883] usbcore: registered new interface driver usbfs
[    0.334646] usbcore: registered new interface driver hub
[    0.336000] usbcore: registered new device driver usb
[    0.336000] EDAC MC: Ver: 3.0.0
[    0.340040] PCI: Using ACPI for IRQ routing
[    0.340873] NetLabel: Initializing
[    0.341381] NetLabel:  domain hash size = 128
[    0.341996] NetLabel:  protocols = UNLABELED CIPSOv4 CALIPSO
[    0.342784] NetLabel:  unlabeled traffic allowed by default
[    0.343590] clocksource: Switched to clocksource kvm-clock
[    0.353467] VFS: Disk quotas dquot_6.6.0
[    0.354170] VFS: Dquot-cache hash table entries: 512 (order 0, 4096 bytes)
[    0.506832] AppArmor: AppArmor Filesystem Enabled
[    0.507556] pnp: PnP ACPI init
[    0.509001] pnp: PnP ACPI: found 3 devices
[    0.518870] clocksource: acpi_pm: mask: 0xffffff max_cycles: 0xffffff, max_idle_ns: 2085701024 ns
[    0.520173] NET: Registered protocol family 2
[    0.520958] TCP established hash table entries: 32768 (order: 6, 262144 bytes)
[    0.524961] TCP bind hash table entries: 32768 (order: 7, 524288 bytes)
[    0.525984] TCP: Hash tables configured (established 32768 bind 32768)
[    0.526940] UDP hash table entries: 2048 (order: 4, 65536 bytes)
[    0.527855] UDP-Lite hash table entries: 2048 (order: 4, 65536 bytes)
[    0.528857] NET: Registered protocol family 1
[    0.529520] pci 0000:00:00.0: Limiting direct PCI/PCI transfers
[    0.530379] pci 0000:00:01.0: Activating ISA DMA hang workarounds
[    0.531271] pci 0000:00:02.0: Video device with shadowed ROM at [mem 0x000c0000-0x000dffff]
[    0.532563] Unpacking initramfs...
[    0.887833] Freeing initrd memory: 19208K
[    0.955506] clocksource: tsc: mask: 0xffffffffffffffff max_cycles: 0x172db7796fa, max_idle_ns: 440795211534 ns
[    0.956946] platform rtc_cmos: registered platform RTC device (no PNP device found)
[    0.958027] Scanning for low memory corruption every 60 seconds
[    0.959608] Initialise system trusted keyrings
[    0.960311] Key type blacklist registered
[    0.961051] workiggset: timestamp_bits=36 max_order=19 bucket_order=0
[    1.226598] zbud: loaded
[    1.227779] squashfs: version 4.0 (2009/01/31) Phillip Lougher
[    1.229094] fuse init (API version 7.26)
[    1.233691] Key type asymmetric registered
[    1.234455] Asymmetric key parser 'x509' registered
[    1.235333] Block layer SCSI generic (bsg) driver version 0.4 loaded (major 246)
[    1.236760] io scheduler noop registered
[    1.237519] io scheduler deadline registered
[    1.238333] io scheduler cfq registered (default)
[    1.239564] ACPI: AC Adapter [AC] (off-line)
[    1.240484] input: Power Button as /devices/LNXSYSTM:00/LNXPWRBN:00/input/input0
[    1.241789] ACPI: Power Button [PWRF]
[    1.242551] input: Sleep Button as /devices/LNXSYSTM:00/LNXSLPBN:00/input/input1
[    1.243876] ACPI: Sleep Button [SLPF]
[    1.245700] ACPI: Battery Slot [BAT0] (battery present)
[    1.246763] Serial: 8250/16550 driver, 32 ports, IRQ sharing enabled
[    1.270888] 00:02: ttyS0 at I/O 0x3f8 (irq = 4, base_baud = 115200) is a 16550A
[    1.273761] Linux agpgart interface v0.103
[    1.275808] loop: module loaded
[    1.276999] scsi host0: ata_piix
[    1.277721] scsi host1: ata_piix
[    1.278367] ata1: PATA max UDMA/33 cmd 0x1f0 ctl 0x3f6 bmdma 0xd000 irq 14
[    1.279493] ata2: PATA max UDMA/33 cmd 0x170 ctl 0x376 bmdma 0xd008 irq 15
[    1.281952] libphy: Fixed MDIO Bus: probed
[    1.283852] tun: Universal TUN/TAP device driver, 1.6
[    1.284821] PPP generic driver version 2.4.2
[    1.295267] ehci_hcd: USB 2.0 'Enhanced' Host Controller (EHCI) Driver
[    1.296317] ehci-pci: EHCI PCI platform driver
[    1.297044] ehci-platform: EHCI generic platform driver
[    1.297858] ohci_hcd: USB 1.1 'Open' Host Controller (OHCI) Driver
[    1.298781] ohci-pci:OOHCI PCI platform driver
[    1.475399] ohci-platform: OHCI generic platform driver
[    1.476374] uhci_hcd: USB Universal Host Controller Interface driver
[    1.477508] i8042: PNP: PS/2 Controller [PNP0303:PS2K,PNP0f03:PS2M] at 0x60,0x64 irq 1,12
[    1.479433] serio: i8042 KBD port at 0x60,0x64 irq 1
[    1.480468] serio: i8042 AUX port at 0x60,0x64 irq 12
[    1.481460] mousedev: PS/2 mouse device common for all mice
[    1.482712] input: AT Translated Set 2 keyboard as /devices/platform/i8042/serio0/input/input2
[    1.626596] rtc_cmos rtc_cmos: rtc core: registered rtc_cmos as rtc0
[    1.627582] rtc_cmos rtc_cmos: alarms up to one day, 114 bytes nvram
[    1.628509] i2c /dev entries driver
[    1.629092] device-mapper: uevent: version 1.0.3
[    1.629875] device-mapper: ioctl: 4.37.0-ioctl (2017-09-20) initialised: dm-devel@redhat.com
[    1.631151] ledtrig-cpu: registered to indicate activity on CPUs
[    1.632634] NET: Registered protocol family 10
[    1.636657] Segment Routing with IPv6
[    1.637246] NET: Registered protocol family 17
[    1.637965] Key type dns_resolver registered
[    1.638814] mce: Using 0 MCE banks
[    1.639361] RAS: Correctable Errors collector initialized.
[    1.640204] sched_clock: Marking stable (1640183717, 0)->(2485577902, -845394185)
[    1.641810] registered taskstats version 1
[    1.642493] Loading compiled-in X.509 certificates
[    1.645320] Loaded X.509 cert 'Build time autogenerated kernel key: d019e8c5f4cbc828f6af43369f65a014a3a68371'
[    1.646804] zswap: loaded using pool lzo/zbud
[    1.650577] Key type big_key registered
[    1.651173] Key type trusted registered
[    1.653235] Key type encrypted registered
[    1.654796] AppArmor: AppArmor sha1 policy hashing enabled
[    1.737642] ima: No TPM chip found, activating TPM-bypass! (rc=-19)
[    1.738548] ima: Allocated hash algorithm: sha1
[    1.739231] evm: HMAC attrs: 0x1
[    1.740026]   Magic number: 0:792:599
[    1.740634] serial8250 serial8250: hash matches
[    1.741375] rtc_cmos rtc_cmos: setting system clock to 2020-04-22 20:35:22 UTC (1587587722)
[    1.742671] BIOS EDD facility v0.16 2004-Jun-25, 0 devices found
[    1.743505] EDD information not available.
[    1.747019] Freeing unused kernel image memory: 2432K
[    1.768108] Write protecting the kernel read-only data: 20480k
[    1.773491] Freeing unused kernel image memory: 2008K
[    1.774613] Freeing unused kernel image memory: 1880K
[    1.784687] x86/mm: Checked W+X mappings: passed, no W+X pages found.
[    1.785621] x86/mm: Checking user space page tables
[    1.796790] x86/mm: Checked W+X mappings: passed, no W+X pages found.
Loading, please wait...
starting version 237
[    1.877846] e1000: Intel(R) PRO/1000 Network Driver - version 7.3.21-k8-NAPI
[    1.879245] e1000: Copyright (c) 1999-2006 Intel Corporation.
[    1.895490] AVX2 version of gcm_enc/dec engaged.
[    1.896626] AES CTR mode by8 optimization enabled
[    1.935637] Fusion MPT base driver 3.04.20
[    1.944673] Copyright (c) 1999-2008 LSI Corporation
[    1.995248] Fusion MPT SPI Host driver 3.04.20
[    2.096926] input: ImExPS/2 Generic Explorer Mouse as /devices/platform/i8042/serio1/input/input4
[    2.316527] e1000 0000:00:03.0 eth0: (PCI:33MHz:32-bit) 02:39:67:45:9c:e6
[    2.317633] e1000 0000:00:03.0 eth0: Intel(R) PRO/1000 Network Connection
[    2.681860] e1000 0000:00:08.0 eth1: (PCI:33MHz:32-bit) 08:00:27:ce:35:b3
[    2.706395] e1000 0000:00:08.0 eth1: Intel(R) PRO/1000 Network Connection
[    2.816657] e1000 0000:00:03.0 enp0s3: renamed from eth0
[    2.820109] mptbase: ioc0: Initiating bringup
[    2.836471] e1000 0000:00:08.0 enp0s8: renamed from eth1
[    3.280521] ioc0: LSI53C1030 A0: Capabilities={Initiator}
[    3.933943] scsi host2: ioc0: LSI53C1030 A0, FwRev=00000000h, Ports=1, MaxQ=256, IRQ=20
[    4.201810] scsi 2:0:0:0: Direct-Access     VBOX     HARDDISK         1.0  PQ: 0 ANSI: 5
[    4.607024] scsi target2:0:0: Beginning Domain Validation
[    5.624611] scsi target2:0:0: Domain Validation skipping write tests
[    5.625918] scsi target2:0:0: Ending Domain Validation
[    6.338221] scsi target2:0:0: asynchronous
[    7.488147] scsi 2:0:1:0: Direct-Access     VBOX     HARDDISK         1.0  PQ: 0 ANSI: 5
[    7.699613] scsi target2:0:1: Beginning Domain Validation
[    7.957858] random: fast init done
[    7.958525] scsi target2:0:1: Domain Validation skipping write tests
[    7.959413] scsi target2:0:1: Ending Domain Validation
[    7.960195] scsi target2:0:1: asynchronous
[    7.964085] random: systemd-udevd: uninitialized urandom read (16 bytes read)
[    7.965143] random: systemd-udevd: uninitialized urandom read (16 bytes read)
[    7.966240] random: systemd-udevd: uninitialized urandom read (16 bytes read)
[    7.966293] sd 2:0:0:0: Attached scsi generic sg0 type 0
[    7.968269] sd 2:0:0:0: [sda] 20971520 512-byte logical blocks: (10.7 GB/10.0 GiB)
[    7.969463] sd 2:0:0:0: [sda] Write Protect is off
[    7.970360] sd 2:0:0:0: [sda] Incomplete mode parameter data
[    7.970653] sd 2:0:1:0: [sdb] 20480 512-byte logical blocks: (10.5 MB/10.0 MiB)
[    7.971253] sd 2:0:0:0: [sda] Assuming drive cache: write through
[    7.972439] sd 2:0:1:0: [sdb] Write Protect is off
[    7.974167] sd 2:0:1:0: Attached scsi generic sg1 type 0
[    7.974326] sd 2:0:1:0: [sdb] Incomplete mode parameter data
[    7.975857] sd 2:0:1:0: [sdb] Assuming drive cache: write through
[    7.980062]  sda: sda1
[    7.981358] sd 2:0:1:0: [sdb] Attached SCSI disk
[    7.982113] sd 2:0:0:0: [sda] Attached SCSI disk
Begin: Loading essential drivers ... [    9.496172] raid6: sse2x1   gen()  7947 MB/s
[    9.545562] raid6: sse2x1   xor()  5155 MB/s
[    9.592051] raid6: sse2x2   gen() 10654 MB/s
[    9.640352] raid6: sse2x2   xor()  7234 MB/s
[    9.688301] raid6: sse2x4   gen() 11538 MB/s
[    9.745560] raid6: sse2x4   xor()  8307 MB/s
[    9.832513] raid6: avx2x1   gen() 17913 MB/s
[    9.935625] raid6: avx2x1   xor() 10923 MB/s
[    9.985512] raid6: avx2x2   gen() 18389 MB/s
[   10.032219] raid6: avx2x2   xor() 12954 MB/s
[   10.085570] raid6: avx2x4   gen() 27728 MB/s
[   10.135616] raid6: avx2x4   xor() 16495 MB/s
[   10.186137] raid6: using algorithm avx2x4 gen() 27728 MB/s
[   10.186985] raid6: .... xor() 16495 MB/s, rmw enabled
[   10.187781] raid6: using avx2x2 recovery algorithm
[   10.189945] xor: automatically using best checksumming function   avx       
[   10.192347] async_tx: api initialized (async)
done.
Begin: Running /scripts/init-premount ... done.
Begin: Mounting root file system ... Begin: Running /scripts/local-top ... done.
Begin: Running /scripts/local-premount ... [   10.241014] Btrfs loaded, crc32c=crc32c-intel
Scanning for Btrfs filesystems
done.
Warning: fsck no[   10.278917] EXT4-fs (sda1): mounted filesystem with ordered data mode. Opts: (null)
t present, so skipping root file system
done.
Begin: Running /scripts/local-bottom ... done.
Begin: Running /scripts/init-bottom ... done.
[   10.424532] ip_tables: (C) 2000-2006 Netfilter Core Team
[   11.095746] systemd[1]: systemd 237 running in system mode. (+PAM +AUDIT +SELINUX +IMA +APPARMOR +SMACK +SYSVINIT +UTMP +LIBCRYPTSETUP +GCRYPT +GNUTLS +ACL +XZ +LZ4 +SECCOMP +BLKID +ELFUTILS +KMOD -IDN2 +IDN -PCRE2 default-hierarchy=hybrid)
[   11.532354] systemd[1]: Detected virtualization oracle.
[   12.191177] systemd[1]: Detected architecture x86-64.

Welcome to [1mUbuntu 18.04.4 LTS[0m!

[   12.196994] systemd[1]: Set hostname to <ubuntu>.
[   12.199983] systemd[1]: Initializing machine ID from random generator.
[   12.202222] systemd[1]: Installed transient /etc/machine-id file.
[   12.420606] systemd[1]: Started Forward Password Requests to Wall Directory Watch.
[[0;32m  OK  [0m] Started Forward Password Requests to Wall Directory Watch.
[   12.422731] systemd[1]: Reached target Swap.
[[0;32m  OK  [0m] Reached target Swap.
[   12.425544] systemd[1]: Created slice System Slice.
[[0;32m  OK  [0m] Created slice System Slice.
[   12.432276] systemd[1]: Listening on Network Service Netlink Socket.
[[0;32m  OK  [0m] Listening on Network Service Netlink Socket.
[[0;32m  OK  [0m] Listening on Journal Socket (/dev/log).
[[0;32m  OK  [0m] Listening on Device-mapper event daemon FIFOs.
[[0;32m  OK  [0m] Listening on /dev/initctl Compatibility Named Pipe.
[[0;32m  OK  [0m] Listening on LVM2 metadata daemon socket.
[[0;32m  OK  [0m] Listening on Syslog Socket.
[[0;32m  OK  [0m] Listening on Journal Socket.
         Mounting Kernel Debug File System...
         Starting Set the console keyboard layout...
         Starting Monitoring of LVM2 mirrors…ng dmeventd or progress polling...
         Mounting Huge Pages File System...
         Mounting POSIX Message Queue File System...
         Starting Create list of required st…ce nodes for the current kernel...
         Starting Remount Root and Kernel File Systems...
         Starting Uncomplicated firewall...
[[0;32m  OK  [0m] Listening on udev Control Socket.
[[0;32m  OK  [0m] Set up automount Arbitrary Executab…rmats File System Automount Point.
[[0;32m  OK  [0m] Created slice system-serial\x2dgetty.slice.
[[0;32m  OK  [0m] Listening on LVM2 poll daemon socket.
[[0;32m  OK  [0m] Reached target System Time Synchronized.
         Starting Load Kernel Modules...[   12.519203] EXT4-fs (sda1): re-mounted. Opts: (null)

[[0;32m  OK  [0m] Listening on Journal Audit Socket.
         Starting Journal Service...
[[0;32m  OK  [0m] Listening on udev Kernel Socket.
         Starting udev Coldplug all Devices...[   12.686604] Loading iSCSI transport class v2.0-870.

[[0;32m  OK  [0m] Reached target User and Group Name Lookups.
[[0;32m  OK  [0m] Created slice User and Session Slice.
[[0;32m  OK  [0m] Reached target Slices.
[[0;32m  OK  [0m] Mounted Kernel Debug File System.
[[0;32m  OK  [0m] Mounted Huge Pages File System.
[[0;32m  OK  [0m] Mounted POSIX Message Queue File System.
[[0;32m  OK  [0m] Started Create list of required sta…vice nodes for the current kernel.
[[0;32m  OK  [0m] Started Remount Root and Kernel File Systems.
[   12.702676] iscsi: registered transport (tcp)
[[0;32m  OK  [0m] Started Uncomplicated firewall.
[   12.721243] iscsi: registered transport (iser)
[[0;32m  OK  [0m] Started Load Kernel Modules.
[[0;32m  OK  [0m] Started LVM2 metadata daemon.
         Starting Apply Kernel Variables...
         Mounting Kernel Configuration File System...
         Mounting FUSE Control File System...
         Starting Load/Save Random Seed...
         Starting Create Static Device Nodes in /dev...
[[0;32m  OK  [0m] Started Journal Service.
[[0;32m  OK  [0m] Mounted Kernel Configuration File System.
[[0;32m  OK  [0m] Mounted FUSE Control File System.
         Starting Flush Journal to Persistent Storage...
[[0;32m  OK  [0m] Started Set the console keyboard layout.
[[0;32m  OK  [0m] Started Monitoring of LVM2 mirrors,…sing dmeventd or progress polling.
[[0;32m  OK  [0m] Started Load/Save Random Seed.
[[0;32m  OK  [0m] Started Apply Kernel Variables.
[[0;32m  OK  [0m] Started udev Coldplug all Devices.
[[0;32m  OK  [0m] Started Create Static Device Nodes in /dev.
         Starting udev Kernel Device Manager...
[[0;32m  OK  [0m] Reached target Local File Systems (Pre).
[[0;32m  OK  [0m] Reached target Local File Systems.
         Starting Tell Plymouth To Write Out Runtime Data...
         Starting Set console font and keymap...
         Starting ebtables ruleset management...
         Starting Commit a transient machine-id on disk...
         Starting AppArmor initialization...
[[0;32m  OK  [0m] Started Tell Plymouth To Write Out Runtime Data.
[[0;32m  OK  [0m] Started Set console font and keymap.
[[0;32m  OK  [0m] Started Flush Journal to Persistent Storage.
         Starting Create Volatile Files and Directories...
[[0;32m  OK  [0m] Started udev Kernel Device Manager.
[[0;32m  OK  [0m] Started Dispatch Password Requests to Console Directory Watch.
[[0;32m  OK  [0m] Reached target Local Encrypted Volumes.
[[0;32m  OK  [0m] Started Create Volatile Files and Directories.
[[0;32m  OK  [0m] Started Commit a transient machine-id on disk.
         Starting Update UTMP about System Boot/Shutdown...
[[0;32m  OK  [0m] Started Update UTMP about System Boot/Shutdown.
[[0;32m  OK  [0m] Started ebtables ruleset management.
[[0;32m  OK  [0m] Found device /dev/ttyS0.
[[0;32m  OK  [0m] Listening on Load/Save RF Kill Switch Status /dev/rfkill Watch.
[[0;32m  OK  [0m] Started AppArmor initialization.
         Starting Initial cloud-init job (pre-networking)...
[   15.143812] cloud-init[559]: Cloud-init v. 19.4-33-gbb4131a2-0ubuntu1~18.04.1 running 'init-local' at Wed, 22 Apr 2020 20:35:35 +0000. Up 14.73 seconds.
[[0;32m  OK  [0m] Started Initial cloud-init job (pre-networking).
[[0;32m  OK  [0m] Reached target Network (Pre).
         Starting Network Service...
[[0;32m  OK  [0m] Started Network Service.
         Starting Network Name Resolution...
         Starting Wait for Network to be Configured...
[[0;32m  OK  [0m] Started Network Name Resolution.
[[0;32m  OK  [0m] Reached target Host and Network Name Lookups.
[[0;32m  OK  [0m] Reached target Network.
[[0;32m  OK  [0m] Started Wait for Network to be Configured.
         Starting Initial cloud-init job (metadata service crawler)...
[   18.043484] cloud-init[675]: Cloud-init v. 19.4-33-gbb4131a2-0ubuntu1~18.04.1 running 'init' at Wed, 22 Apr 2020 20:35:38 +0000. Up 17.85 seconds.
[   18.046380] cloud-init[675]: ci-info: ++++++++++++++++++++++++++++++++++++++Net device info+++++++++++++++++++++++++++++++++++++++
[   18.048764] cloud-init[675]: ci-info: +--------+-------+----------------------------+---------------+--------+-------------------+
[   18.051172] cloud-init[675]: ci-info: | Device |   Up  |          Address           |      Mask     | Scope  |     Hw-Address    |
[   18.053594] cloud-init[675]: ci-info: +--------+-------+----------------------------+---------------+--------+-------------------+
[   18.055889] cloud-init[675]: ci-info: | enp0s3 |  True |         10.0.2.15          | 255.255.255.0 | global | 02:39:67:45:9c:e6 |
[   18.058278] cloud-init[675]: ci-info: | enp0s3 |  True | fe80::39:67ff:fe45:9ce6/64 |       .       |  link  | 02:39:67:45:9c:e6 |
[   18.062088] cloud-init[675]: ci-info: | enp0s8 | False |             .              |       .       |   .    | 08:00:27:ce:35:b3 |
[   18.064483] cloud-init[675]: ci-info: |   lo   |  True |         127.0.0.1          |   255.0.0.0   |  host  |         .         |
[   18.066614] cloud-init[675]: ci-info: |   lo   |  True |          ::1/128           |       .       |  host  |         .         |
[   18.068660] cloud-init[675]: ci-info: +--------+-------+----------------------------+---------------+--------+-------------------+
[   18.070661] cloud-init[675]: ci-info: ++++++++++++++++++++++++++++Route IPv4 info+++++++++++++++++++++++++++++
[   18.072494] cloud-init[675]: ci-info: +-------+-------------+----------+-----------------+-----------+-------+
[   18.074297] cloud-init[675]: ci-info: | Route | Destination | Gateway  |     Genmask     | Interface | Flags |
[   18.077352] cloud-init[675]: ci-info: +-------+-------------+----------+-----------------+-----------+-------+
[   18.078829] cloud-init[675]: ci-info: |   0   |   0.0.0.0   | 10.0.2.2 |     0.0.0.0     |   enp0s3  |   UG  |
[   18.088109] cloud-init[675]: ci-info: |   1   |   10.0.2.0  | 0.0.0.0  |  255.255.255.0  |   enp0s3  |   U   |
[   18.089597] cloud-init[675]: ci-info: |   2   |   10.0.2.2  | 0.0.0.0  | 255.255.255.255 |   enp0s3  |   UH  |
[   18.091194] cloud-init[675]: ci-info: +-------+-------------+----------+-----------------+-----------+-------+
[   18.092792] cloud-init[675]: ci-info: +++++++++++++++++++Route IPv6 info+++++++++++++++++++
[   18.094208] cloud-init[675]: ci-info: +-------+-------------+---------+-----------+-------+
[   18.095590] cloud-init[675]: ci-info: | Route | Destination | Gateway | Interface | Flags |
[   18.096979] cloud-init[675]: ci-info: +-------+-------------+---------+-----------+-------+
[   18.098368] cloud-init[675]: ci-info: |   1   |  fe80::/64  |    ::   |   enp0s3  |   U   |
[   18.099673] cloud-init[675]: ci-info: |   3   |    local    |    ::   |   enp0s3  |   U   |
[   18.112249] cloud-init[675]: ci-info: |   4   |   ff00::/8  |    ::   |   enp0s3  |   U   |
[   18.113686] cloud-init[675]: ci-info: +-------+-------------+---------+-----------+-------+
[   18.697179] cloud-init[675]: Generating public/private rsa key pair.
[   18.698472] cloud-init[675]: Your identification has been saved in /etc/ssh/ssh_host_rsa_key.
[   18.699745] cloud-init[675]: Your public key has been saved in /etc/ssh/ssh_host_rsa_key.pub.
[   18.701177] cloud-init[675]: The key fingerprint is:
[   18.702037] cloud-init[675]: SHA256:4WjgYjNMwLo7S+m2ABcpoj+VItjdElAJNQmkHkGFn+8 root@ubuntu-bionic
[   18.704512] cloud-init[675]: The key's randomart image is:
[   18.705477] cloud-init[675]: +---[RSA 2048]----+
[   18.707508] cloud-init[675]: |++B*+o           |
[   18.708497] cloud-init[675]: | =.oo.           |
[   18.709412] cloud-init[675]: |=.= +   .        |
[   18.710466] cloud-init[675]: |*=.* = o .       |
[   18.712552] cloud-init[675]: |=oX B + S        |
[   18.713589] cloud-init[675]: |o=.* +           |
[   18.714468] cloud-init[675]: |.+o .            |
[   18.715371] cloud-init[675]: |*. . E           |
[   18.716270] cloud-init[675]: |o=.              |
[   18.717204] cloud-init[675]: +----[SHA256]-----+
[   18.718129] cloud-init[675]: Generating public/private dsa key pair.
[   18.719288] cloud-init[675]: Your identification has been saved in /etc/ssh/ssh_host_dsa_key.
[   18.720713] cloud-init[675]: Your public key has been saved in /etc/ssh/ssh_host_dsa_key.pub.
[   18.723481] cloud-init[675]: The key fingerprint is:
[   18.725603] cloud-init[675]: SHA256:1HTnCOl4dDcogGGTsnA9PidfJcVDA0yzxBmgRf9LrT8 root@ubuntu-bionic
[   18.727248] cloud-init[675]: The key's randomart image is:
[   18.728391] cloud-init[675]: +---[DSA 1024]----+
[   18.729749] cloud-init[675]: |     .+==*OO=..  |
[   18.730782] cloud-init[675]: |  . o.=+ =O=*=o  |
[   18.734047] cloud-init[675]: |   o +...++=.o.. |
[   18.735099] cloud-init[675]: |    . +.o +. .   |
[   18.736247] cloud-init[675]: |       =So  o .  |
[   18.739516] cloud-init[675]: |        .  . o   |
[   18.741801] cloud-init[675]: |            o    |
[   18.742891] cloud-init[675]: |             .E  |
[   18.743970] cloud-init[675]: |              .. |
[   18.745189] cloud-init[675]: +----[SHA256]-----+
[   18.747454] cloud-init[675]: Generating public/private ecdsa key pair.
[   18.760332] cloud-init[675]: Your identification has been saved in /etc/ssh/ssh_host_ecdsa_key.
[   18.761835] cloud-init[675]: Your public key has been saved in /etc/ssh/ssh_host_ecdsa_key.pub.
[   18.765666] cloud-init[675]: The key fingerprint is:
[   18.766694] cloud-init[675]: SHA256:NgLN65A0+WdP/r7k89H7tnga6G0Rmx9Lyrx7L6fINFc root@ubuntu-bionic
[   18.768209] cloud-init[675]: The key's randomart image is:
[   18.769244] cloud-init[675]: +---[ECDSA 256]---+
[   18.772416] cloud-init[675]: |                 |
[   18.773414] cloud-init[675]: |     +           |
[   18.779713] cloud-init[675]: |    = o          |
[   18.781840] cloud-init[675]: |   . = .     .   |
[   18.786164] cloud-init[675]: |    o + S .   + E|
[   18.787286] cloud-init[675]: |     o = =  .+ = |
[   18.788441] cloud-init[675]: |      .   o.*.B +|
[   18.791593] cloud-init[675]: |          .*oO+*+|
[   18.792366] cloud-init[675]: |           oOXOB*|
[   18.804321] cloud-init[675]: +----[SHA256]-----+
[   18.806317] cloud-init[675]: Generating public/private ed25519 key pair.
[[   18.808582] cloud-init[675]: Your identification has been saved in /etc/ssh/ssh_host_ed25519_key.
[   18.808748] cloud-init[675]: Your public key has been saved in /etc/ssh/ssh_host_ed25519_key.pub.
[   18.809129] cloud-init[675]: The key fingerprint is:
[   18.809443] cloud-init[675]: SHA256:s1JiFE+IyaK1hEyfYJm/FbV4bYf13BW3OkIWw5d9iVk root@ubuntu-bionic
[   18.809775] cloud-init[675]: The key's randomart image is:
[   18.809940] cloud-init[675]: +--[ED25519 256]--+
[   18.810292] cloud-init[675]: |o=o. ooo. .+  *E=|
[   18.810607] cloud-init[675]: |o+* =.o+o o.==.o=|
[   18.810937] cloud-init[675]: | +.= .oo.+ +.o o.|
[   18.811251] cloud-init[675]: |. .. o. . +   .  |
[   18.811558] cloud-init[675]: |    o o S  . o   |
[   18.811868] cloud-init[675]: |   . . o o  . .  |
[   18.812361] cloud-init[675]: |      . .        |
[   18.812513] cloud-init[675]: |       .         |
[   18.812861] cloud-init[675]: |                 |
[   18.813179] cloud-init[675]: +----[SHA256]-----+
[0;32m  OK  [0m] Started Initial cloud-init job (metadata service crawler).
[[0;32m  OK  [0m] Reached target System Initialization.
[[0;32m  OK  [0m] Started ACPI Events Check.
[[0;32m  OK  [0m] Listening on Open-iSCSI iscsid Socket.
[[0;32m  OK  [0m] Started Message of the Day.
[[0;32m  OK  [0m] Started Daily Cleanup of Temporary Directories.
[[0;32m  OK  [0m] Started Discard unused blocks once a week.
[[0;32m  OK  [0m] Listening on ACPID Listen Socket.
         Starting LXD - unix socket.
         Starting Socket activation for snappy daemon.
[[0;32m  OK  [0m] Reached target Paths.
[[0;32m  OK  [0m] Started Daily apt download activities.
[[0;32m  OK  [0m] Started Daily apt upgrade and clean activities.
[[0;32m  OK  [0m] Reached target Timers.
[[0;32m  OK  [0m] Listening on D-Bus System Message Bus Socket.
[[0;32m  OK  [0m] Listening on UUID daemon activation socket.
[[0;32m  OK  [0m] Reached target Network is Online.
[[0;32m  OK  [0m] Reached target Remote File Systems (Pre).
[[0;32m  OK  [0m] Reached target Remote File Systems.
         Starting Availability of block devices...
[[0;32m  OK  [0m] Reached target Cloud-config availability.
[[0;32m  OK  [0m] Listening on LXD - unix socket.
[[0;32m  OK  [0m] Listening on Socket activation for snappy daemon.
[[0;32m  OK  [0m] Started Availability of block devices.
[[0;32m  OK  [0m] Reached target Sockets.
[[0;32m  OK  [0m] Reached target Basic System.
         Starting Accounts Service...
         Starting Pollinate to seed the pseudo random number generator...
         Starting Virtualbox guest utils...
         Starting Permit User Sessions...
         Starting Login Service...
         Starting System Logging Service...
[[0;32m  OK  [0m] Started Deferred execution scheduler.
[[0;32m  OK  [0m] Started irqbalance daemon.
         Starting Dispatcher daemon for systemd-networkd...
         Starting Snappy daemon...
[[0;32m  OK  [0m] Started Regular background program processing daemon.
[[0;32m  OK  [0m] Started D-Bus System Message Bus.
[[0;32m  OK  [0m] Started Login Service.
         Starting LSB: Record successful boot for GRUB...
[[0;32m  OK  [0m] Started FUSE filesystem for LXC.
[[0;32m  OK  [0m] Started Unattended Upgrades Shutdown.
         Starting LSB: automatic crash report generation...
         Starting LXD - container startup/shutdown...
[[0;32m  OK  [0m] Started System Logging Service.
[[0;32m  OK  [0m] Started Permit User Sessions.
         Starting Hold until boot process finishes up...
         Starting Terminate Plymouth Boot Screen...
[[0;32m  OK  [0m] Started Hold until boot process finishes up.
[[0;32m  OK  [0m] Started Terminate Plymouth Boot Screen.
[[0;32m  OK  [0m] Started Serial Getty on ttyS0.
         Starting Set console scheme...
[[0;32m  OK  [0m] Started Set console scheme.
[[0;32m  OK  [0m] Created slice system-getty.slice.
[[0;32m  OK  [0m] Started Getty on tty1.
[[0;32m  OK  [0m] Reached target Login Prompts.
         Starting Authorization Manager...
[[0;32m  OK  [0m] Started Virtualbox guest utils.
[[0;32m  OK  [0m] Started LSB: automatic crash report generation.
[[0;32m  OK  [0m] Started LSB: Record successful boot for GRUB.
[[0;32m  OK  [0m] Started Authorization Manager.
[[0;32m  OK  [0m] Started Accounts Service.
[[0;32m  OK  [0m] Started LXD - container startup/shutdown.
[[0;32m  OK  [0m] Started Dispatcher daemon for systemd-networkd.
[[0;32m  OK  [0m] Started Snappy daemon.
         Starting Wait until snapd is fully seeded...
[[0;32m  OK  [0m] Started Pollinate to seed the pseudo random number generator.
         Starting OpenBSD Secure Shell server...
[[0;32m  OK  [0m] Started OpenBSD Secure Shell server.
[[0;32m  OK  [0m] Created slice User Slice of vagrant.
         Starting User Manager for UID 1000...
[[0;32m  OK  [0m] Started Session 1 of user vagrant.
[[0;32m  OK  [0m] Started User Manager for UID 1000.
[[0;32m  OK  [0m] Started Wait until snapd is fully seeded.
         Starting Apply the settings specified in cloud-config...
[[0;32m  OK  [0m] Reached target Multi-User System.
[[0;32m  OK  [0m] Reached target Graphical Interface.
         Starting Update UTMP about System Runlevel Changes...
[[0;32m  OK  [0m] Started Update UTMP about System Runlevel Changes.
[   23.365703] cloud-init[1297]: Cloud-init v. 19.4-33-gbb4131a2-0ubuntu1~18.04.1 running 'modules:config' at Wed, 22 Apr 2020 20:35:43 +0000. Up 22.91 seconds.
[[0;32m  OK  [0m] Started Apply the settings specified in cloud-config.
         Starting Execute cloud user/final scripts...
ci-info: no authorized SSH keys fingerprints found for user ubuntu.
<14>Apr 22 20:35:44 ec2: 
<14>Apr 22 20:35:44 ec2: #############################################################
<14>Apr 22 20:35:44 ec2: -----BEGIN SSH HOST KEY FINGERPRINTS-----
<14>Apr 22 20:35:44 ec2: 1024 SHA256:1HTnCOl4dDcogGGTsnA9PidfJcVDA0yzxBmgRf9LrT8 root@ubuntu-bionic (DSA)
<14>Apr 22 20:35:44 ec2: 256 SHA256:NgLN65A0+WdP/r7k89H7tnga6G0Rmx9Lyrx7L6fINFc root@ubuntu-bionic (ECDSA)
<14>Apr 22 20:35:44 ec2: 256 SHA256:s1JiFE+IyaK1hEyfYJm/FbV4bYf13BW3OkIWw5d9iVk root@ubuntu-bionic (ED25519)
<14>Apr 22 20:35:44 ec2: 2048 SHA256:4WjgYjNMwLo7S+m2ABcpoj+VItjdElAJNQmkHkGFn+8 root@ubuntu-bionic (RSA)
<14>Apr 22 20:35:44 ec2: -----END SSH HOST KEY FINGERPRINTS-----
<14>Apr 22 20:35:44 ec2: #############################################################
-----BEGIN SSH HOST KEY KEYS-----
ecdsa-sha2-nistp256 AAAAE2VjZHNhLXNoYTItbmlzdHAyNTYAAAAIbmlzdHAyNTYAAABBBPhQKVjPxabWOTNpw9rim9mNrqPq/7YutMXUhH1IoT/XtmjW73VzEe+YyvhZiSlZljk+wB/cReqekHiT1zHjigQ= root@ubuntu-bionic
ssh-ed25519 AAAAC3NzaC1lZDI1NTE5AAAAIGrJuodN+2NlIJrHv2RTkQLaxHn2H9kPuqXQ55qauwGV root@ubuntu-bionic
ssh-rsa AAAAB3NzaC1yc2EAAAADAQABAAABAQDiEfiRBoPnbwO+jGwCSNSJBdsMbMfW/bXxooJY8LY2JmnTK9g16ix/6o/XAYKI/TUEFiDVs9EgvclN9qSEz5oS4o9TOvhC4Ae34B+etDdsU1ar0VGhQL8ra0GQUOKL/XX+omY2cIstZfGPSjJENJTzpY1d8oFJ9XBQmkCykAJwwRcUu33GmhZ6DE+gIrjH+sE+lMP4U2FL3GOkmiJMKEIzoKLogYIN54EYBtzvHPcrtxovDBCOsaf92nUjWhMYULB1HN0DRGfIaRsT2QAxGvtBEr5XljkNX0UojxZ6oF0dqR4QhTRncs8UmaCahmGBfenIvBdA6F4s2xP0abDkq4XT root@ubuntu-bionic
-----END SSH HOST KEY KEYS-----
[   24.114539] cloud-init[1400]: Cloud-init v. 19.4-33-gbb4131a2-0ubuntu1~18.04.1 running 'modules:final' at Wed, 22 Apr 2020 20:35:44 +0000. Up 23.89 seconds.
[   24.117961] cloud-init[1400]: ci-info: no authorized SSH keys fingerprints found for user ubuntu.
[   24.119451] cloud-init[1400]: Cloud-init v. 19.4-33-gbb4131a2-0ubuntu1~18.04.1 finished at Wed, 22 Apr 2020 20:35:44 +0000. Datasource DataSourceNoCloud [seed=/dev/sdb][dsmode=net].  Up 24.10 seconds
[[0;32m  OK  [0m] Started Execute cloud user/final scripts.

Ubuntu 18.04.4 LTS node-2 ttyS0

node-2 login: 